[2022-09-09T15:48:59.902+0000] {manager.py:480} INFO - Processing files using up to 2 processes at a time 
[2022-09-09T15:48:59.903+0000] {manager.py:481} INFO - Process each file at most once every 30 seconds
[2022-09-09T15:48:59.903+0000] {manager.py:483} INFO - Checking for new files in /opt/airflow/dags every 300 seconds
[2022-09-09T15:48:59.903+0000] {manager.py:709} INFO - Searching for files in /opt/airflow/dags
[2022-09-09T15:48:59.904+0000] {manager.py:712} INFO - There are 1 files in /opt/airflow/dags
[2022-09-09T15:48:59.936+0000] {manager.py:828} INFO - 
================================================================================
DAG File Processing Stats

File Path                               PID  Runtime      # DAGs    # Errors  Last Runtime    Last Run
------------------------------------  -----  ---------  --------  ----------  --------------  ----------
/opt/airflow/dags/data_insgestion.py     46  0.01s             0           0
================================================================================
[2022-09-09T15:49:30.011+0000] {manager.py:828} INFO - 
================================================================================
DAG File Processing Stats

File Path                             PID    Runtime      # DAGs    # Errors  Last Runtime    Last Run
------------------------------------  -----  ---------  --------  ----------  --------------  -------------------
/opt/airflow/dags/data_insgestion.py                           1           0  1.07s           2022-09-09T15:49:00
================================================================================
[2022-09-09T15:50:00.093+0000] {manager.py:828} INFO - 
================================================================================
DAG File Processing Stats

File Path                             PID    Runtime      # DAGs    # Errors  Last Runtime    Last Run
------------------------------------  -----  ---------  --------  ----------  --------------  -------------------
/opt/airflow/dags/data_insgestion.py                           1           0  0.34s           2022-09-09T15:49:31
================================================================================
[2022-09-09T15:50:30.454+0000] {manager.py:828} INFO - 
================================================================================
DAG File Processing Stats

File Path                             PID    Runtime      # DAGs    # Errors  Last Runtime    Last Run
------------------------------------  -----  ---------  --------  ----------  --------------  -------------------
/opt/airflow/dags/data_insgestion.py                           1           0  0.36s           2022-09-09T15:50:01
================================================================================
[2022-09-09T15:51:00.861+0000] {manager.py:828} INFO - 
================================================================================
DAG File Processing Stats

File Path                             PID    Runtime      # DAGs    # Errors  Last Runtime    Last Run
------------------------------------  -----  ---------  --------  ----------  --------------  -------------------
/opt/airflow/dags/data_insgestion.py                           1           0  0.34s           2022-09-09T15:50:32
================================================================================
[2022-09-09T15:51:31.244+0000] {manager.py:828} INFO - 
================================================================================
DAG File Processing Stats

File Path                             PID    Runtime      # DAGs    # Errors  Last Runtime    Last Run
------------------------------------  -----  ---------  --------  ----------  --------------  -------------------
/opt/airflow/dags/data_insgestion.py                           1           0  0.34s           2022-09-09T15:51:02
================================================================================
[2022-09-09T15:52:01.638+0000] {manager.py:828} INFO - 
================================================================================
DAG File Processing Stats

File Path                             PID    Runtime      # DAGs    # Errors  Last Runtime    Last Run
------------------------------------  -----  ---------  --------  ----------  --------------  -------------------
/opt/airflow/dags/data_insgestion.py                           1           0  0.34s           2022-09-09T15:51:32
================================================================================
[2022-09-09T15:52:32.021+0000] {manager.py:828} INFO - 
================================================================================
DAG File Processing Stats

File Path                             PID    Runtime      # DAGs    # Errors  Last Runtime    Last Run
------------------------------------  -----  ---------  --------  ----------  --------------  -------------------
/opt/airflow/dags/data_insgestion.py                           1           0  0.34s           2022-09-09T15:52:03
================================================================================
[2022-09-09T15:53:02.410+0000] {manager.py:828} INFO - 
================================================================================
DAG File Processing Stats

File Path                             PID    Runtime      # DAGs    # Errors  Last Runtime    Last Run
------------------------------------  -----  ---------  --------  ----------  --------------  -------------------
/opt/airflow/dags/data_insgestion.py                           1           0  0.33s           2022-09-09T15:52:33
================================================================================
[2022-09-09T15:53:32.779+0000] {manager.py:828} INFO - 
================================================================================
DAG File Processing Stats

File Path                             PID    Runtime      # DAGs    # Errors  Last Runtime    Last Run
------------------------------------  -----  ---------  --------  ----------  --------------  -------------------
/opt/airflow/dags/data_insgestion.py                           1           0  0.37s           2022-09-09T15:53:04
================================================================================
[2022-09-09T15:54:00.185+0000] {manager.py:709} INFO - Searching for files in /opt/airflow/dags
[2022-09-09T15:54:00.187+0000] {manager.py:712} INFO - There are 1 files in /opt/airflow/dags
[2022-09-09T15:54:03.209+0000] {manager.py:828} INFO - 
================================================================================
DAG File Processing Stats

File Path                             PID    Runtime      # DAGs    # Errors  Last Runtime    Last Run
------------------------------------  -----  ---------  --------  ----------  --------------  -------------------
/opt/airflow/dags/data_insgestion.py                           1           0  0.31s           2022-09-09T15:53:34
================================================================================
[2022-09-09T15:54:33.546+0000] {manager.py:828} INFO - 
================================================================================
DAG File Processing Stats

File Path                             PID    Runtime      # DAGs    # Errors  Last Runtime    Last Run
------------------------------------  -----  ---------  --------  ----------  --------------  -------------------
/opt/airflow/dags/data_insgestion.py                           1           0  0.35s           2022-09-09T15:54:04
================================================================================
[2022-09-09T15:55:03.951+0000] {manager.py:828} INFO - 
================================================================================
DAG File Processing Stats

File Path                             PID    Runtime      # DAGs    # Errors  Last Runtime    Last Run
------------------------------------  -----  ---------  --------  ----------  --------------  -------------------
/opt/airflow/dags/data_insgestion.py                           1           0  0.34s           2022-09-09T15:54:35
================================================================================
[2022-09-09T15:55:34.354+0000] {manager.py:828} INFO - 
================================================================================
DAG File Processing Stats

File Path                             PID    Runtime      # DAGs    # Errors  Last Runtime    Last Run
------------------------------------  -----  ---------  --------  ----------  --------------  -------------------
/opt/airflow/dags/data_insgestion.py                           1           0  0.37s           2022-09-09T15:55:05
================================================================================
[2022-09-09T15:56:04.783+0000] {manager.py:828} INFO - 
================================================================================
DAG File Processing Stats

File Path                             PID    Runtime      # DAGs    # Errors  Last Runtime    Last Run
------------------------------------  -----  ---------  --------  ----------  --------------  -------------------
/opt/airflow/dags/data_insgestion.py                           1           0  0.31s           2022-09-09T15:55:36
================================================================================
[2022-09-09T15:56:35.152+0000] {manager.py:828} INFO - 
================================================================================
DAG File Processing Stats

File Path                             PID    Runtime      # DAGs    # Errors  Last Runtime    Last Run
------------------------------------  -----  ---------  --------  ----------  --------------  -------------------
/opt/airflow/dags/data_insgestion.py                           1           0  0.36s           2022-09-09T15:56:06
================================================================================
[2022-09-09T15:57:05.544+0000] {manager.py:828} INFO - 
================================================================================
DAG File Processing Stats

File Path                             PID    Runtime      # DAGs    # Errors  Last Runtime    Last Run
------------------------------------  -----  ---------  --------  ----------  --------------  -------------------
/opt/airflow/dags/data_insgestion.py                           1           0  0.33s           2022-09-09T15:56:36
================================================================================
[2022-09-09T15:57:35.943+0000] {manager.py:828} INFO - 
================================================================================
DAG File Processing Stats

File Path                             PID    Runtime      # DAGs    # Errors  Last Runtime    Last Run
------------------------------------  -----  ---------  --------  ----------  --------------  -------------------
/opt/airflow/dags/data_insgestion.py                           1           0  0.31s           2022-09-09T15:57:07
================================================================================
[2022-09-09T15:58:05.761+0000] {manager.py:462} INFO - Exiting gracefully upon receiving signal 15
