[2022-09-09T15:49:38.833+0000] {taskinstance.py:1171} INFO - Dependencies all met for <TaskInstance: LocalIngestionDag.ingest scheduled__2022-05-02T06:00:00+00:00 [queued]>
[2022-09-09T15:49:38.840+0000] {taskinstance.py:1171} INFO - Dependencies all met for <TaskInstance: LocalIngestionDag.ingest scheduled__2022-05-02T06:00:00+00:00 [queued]>
[2022-09-09T15:49:38.840+0000] {taskinstance.py:1368} INFO - 
--------------------------------------------------------------------------------
[2022-09-09T15:49:38.840+0000] {taskinstance.py:1369} INFO - Starting attempt 1 of 1
[2022-09-09T15:49:38.840+0000] {taskinstance.py:1370} INFO - 
--------------------------------------------------------------------------------
[2022-09-09T15:49:38.850+0000] {taskinstance.py:1389} INFO - Executing <Task(PythonOperator): ingest> on 2022-05-02 06:00:00+00:00
[2022-09-09T15:49:38.856+0000] {standard_task_runner.py:52} INFO - Started process 108 to run task
[2022-09-09T15:49:38.858+0000] {standard_task_runner.py:79} INFO - Running: ['***', 'tasks', 'run', 'LocalIngestionDag', 'ingest', 'scheduled__2022-05-02T06:00:00+00:00', '--job-id', '4', '--raw', '--subdir', 'DAGS_FOLDER/data_insgestion.py', '--cfg-path', '/tmp/tmp37ubsiel', '--error-file', '/tmp/tmphb6ktayg']
[2022-09-09T15:49:38.859+0000] {standard_task_runner.py:80} INFO - Job 4: Subtask ingest
[2022-09-09T15:49:38.913+0000] {task_command.py:371} INFO - Running <TaskInstance: LocalIngestionDag.ingest scheduled__2022-05-02T06:00:00+00:00 [running]> on host d01926df7fa1
[2022-09-09T15:49:38.942+0000] {warnings.py:110} WARNING - /home/***/.local/lib/python3.7/site-packages/***/utils/context.py:202: AirflowContextDeprecationWarning: Accessing 'execution_date' from the template is deprecated and will be removed in a future version. Please use 'data_interval_start' or 'logical_date' instead.
  warnings.warn(_create_deprecation_warning(key, self._deprecation_replacements[key]))

[2022-09-09T15:49:38.975+0000] {taskinstance.py:1583} INFO - Exporting the following env vars:
AIRFLOW_CTX_DAG_OWNER=***
AIRFLOW_CTX_DAG_ID=LocalIngestionDag
AIRFLOW_CTX_TASK_ID=ingest
AIRFLOW_CTX_EXECUTION_DATE=2022-05-02T06:00:00+00:00
AIRFLOW_CTX_TRY_NUMBER=1
AIRFLOW_CTX_DAG_RUN_ID=scheduled__2022-05-02T06:00:00+00:00
[2022-09-09T15:54:42.799+0000] {logging_mixin.py:115} INFO - inserted to yellow_taxi_2022_05 table in 303.8166482448578 seconds
[2022-09-09T15:54:42.806+0000] {python.py:173} INFO - Done. Returned value was: None
[2022-09-09T15:54:42.818+0000] {taskinstance.py:1412} INFO - Marking task as SUCCESS. dag_id=LocalIngestionDag, task_id=ingest, execution_date=20220502T060000, start_date=20220909T154938, end_date=20220909T155442
[2022-09-09T15:54:43.169+0000] {local_task_job.py:156} INFO - Task exited with return code 0
[2022-09-09T15:54:43.201+0000] {local_task_job.py:279} INFO - 0 downstream tasks scheduled from follow-on schedule check
