[2022-09-09T15:49:33.285+0000] {taskinstance.py:1171} INFO - Dependencies all met for <TaskInstance: LocalIngestionDag.wget scheduled__2022-05-02T06:00:00+00:00 [queued]>
[2022-09-09T15:49:33.292+0000] {taskinstance.py:1171} INFO - Dependencies all met for <TaskInstance: LocalIngestionDag.wget scheduled__2022-05-02T06:00:00+00:00 [queued]>
[2022-09-09T15:49:33.292+0000] {taskinstance.py:1368} INFO - 
--------------------------------------------------------------------------------
[2022-09-09T15:49:33.292+0000] {taskinstance.py:1369} INFO - Starting attempt 1 of 1
[2022-09-09T15:49:33.292+0000] {taskinstance.py:1370} INFO - 
--------------------------------------------------------------------------------
[2022-09-09T15:49:33.302+0000] {taskinstance.py:1389} INFO - Executing <Task(BashOperator): wget> on 2022-05-02 06:00:00+00:00
[2022-09-09T15:49:33.308+0000] {standard_task_runner.py:52} INFO - Started process 93 to run task
[2022-09-09T15:49:33.310+0000] {standard_task_runner.py:79} INFO - Running: ['***', 'tasks', 'run', 'LocalIngestionDag', 'wget', 'scheduled__2022-05-02T06:00:00+00:00', '--job-id', '3', '--raw', '--subdir', 'DAGS_FOLDER/data_insgestion.py', '--cfg-path', '/tmp/tmph7657loz', '--error-file', '/tmp/tmpe90m19p1']
[2022-09-09T15:49:33.311+0000] {standard_task_runner.py:80} INFO - Job 3: Subtask wget
[2022-09-09T15:49:33.365+0000] {task_command.py:371} INFO - Running <TaskInstance: LocalIngestionDag.wget scheduled__2022-05-02T06:00:00+00:00 [running]> on host d01926df7fa1
[2022-09-09T15:49:33.394+0000] {warnings.py:110} WARNING - /home/***/.local/lib/python3.7/site-packages/***/utils/context.py:202: AirflowContextDeprecationWarning: Accessing 'execution_date' from the template is deprecated and will be removed in a future version. Please use 'data_interval_start' or 'logical_date' instead.
  warnings.warn(_create_deprecation_warning(key, self._deprecation_replacements[key]))

[2022-09-09T15:49:33.427+0000] {taskinstance.py:1583} INFO - Exporting the following env vars:
AIRFLOW_CTX_DAG_OWNER=***
AIRFLOW_CTX_DAG_ID=LocalIngestionDag
AIRFLOW_CTX_TASK_ID=wget
AIRFLOW_CTX_EXECUTION_DATE=2022-05-02T06:00:00+00:00
AIRFLOW_CTX_TRY_NUMBER=1
AIRFLOW_CTX_DAG_RUN_ID=scheduled__2022-05-02T06:00:00+00:00
[2022-09-09T15:49:33.428+0000] {subprocess.py:62} INFO - Tmp dir root location: 
 /tmp
[2022-09-09T15:49:33.428+0000] {subprocess.py:74} INFO - Running command: ['/bin/bash', '-c', 'curl -sSL https://d37ci6vzurychx.cloudfront.net/trip-data/yellow_tripdata_2022-05.parquet > /opt/***/output_2022-05.parquet']
[2022-09-09T15:49:33.442+0000] {subprocess.py:85} INFO - Output:
[2022-09-09T15:49:38.309+0000] {subprocess.py:96} INFO - Command exited with return code 0
[2022-09-09T15:49:38.337+0000] {taskinstance.py:1412} INFO - Marking task as SUCCESS. dag_id=LocalIngestionDag, task_id=wget, execution_date=20220502T060000, start_date=20220909T154933, end_date=20220909T154938
[2022-09-09T15:49:38.367+0000] {local_task_job.py:156} INFO - Task exited with return code 0
[2022-09-09T15:49:38.395+0000] {local_task_job.py:279} INFO - 1 downstream tasks scheduled from follow-on schedule check
